Reading netlist file: "D:\Nano4KProjects\nano_4k_empu\impl\gwsynthesis\nano_4k_empu.vg"
Parsing netlist file "D:\Nano4KProjects\nano_4k_empu\impl\gwsynthesis\nano_4k_empu.vg" completed
Processing netlist completed
Reading constraint file: "D:\Nano4KProjects\nano_4k_empu\src\nano_4k_empu.cst"
Physical Constraint parsed completed
Running placement......
[10%] Placement Phase 0 completed
[20%] Placement Phase 1 completed
[30%] Placement Phase 2 completed
[50%] Placement Phase 3 completed
Running routing......
[60%] Routing Phase 0 completed
[70%] Routing Phase 1 completed
[80%] Routing Phase 2 completed
WARN  (PR1014) : Generic routing resource will be used to clock signal 'crystalClk_d' by the specified constraint. And then it may lead to the excessive delay or skew
[90%] Routing Phase 3 completed
Running timing analysis......
[95%] Timing analysis completed
Placement and routing completed
Bitstream generation in progress......
Bitstream generation completed
Running power analysis......
[100%] Power analysis completed
Generate file "D:\Nano4KProjects\nano_4k_empu\impl\pnr\nano_4k_empu.power.html" completed
Generate file "D:\Nano4KProjects\nano_4k_empu\impl\pnr\nano_4k_empu.pin.html" completed
Generate file "D:\Nano4KProjects\nano_4k_empu\impl\pnr\nano_4k_empu.rpt.html" completed
Generate file "D:\Nano4KProjects\nano_4k_empu\impl\pnr\nano_4k_empu.rpt.txt" completed
Generate file "D:\Nano4KProjects\nano_4k_empu\impl\pnr\nano_4k_empu.tr.html" completed
Fri Aug 12 16:40:16 2022

